TN:
SF:config/cloudinary.js
FN:9,(anonymous_0)
FNF:1
FNH:1
FNDA:1,(anonymous_0)
DA:1,3
DA:3,3
DA:9,3
DA:10,1
DA:11,1
DA:16,1
DA:17,0
DA:19,1
DA:20,1
DA:23,1
DA:24,1
DA:26,0
DA:27,0
DA:31,3
LF:14
LH:11
BRDA:9,0,0,1
BRDA:16,1,0,0
BRDA:16,1,1,1
BRF:3
BRH:2
end_of_record
TN:
SF:config/multer.js
FN:13,(anonymous_0)
FN:16,(anonymous_1)
FN:23,(anonymous_2)
FNF:3
FNH:3
FNDA:1,(anonymous_0)
FNDA:1,(anonymous_1)
FNDA:2,(anonymous_2)
DA:2,5
DA:3,5
DA:4,5
DA:7,5
DA:8,5
DA:9,0
DA:12,5
DA:14,1
DA:18,1
DA:19,1
DA:23,5
DA:25,2
DA:26,1
DA:28,1
DA:32,5
DA:40,5
LF:16
LH:15
BRDA:8,0,0,0
BRDA:8,0,1,5
BRDA:25,1,0,1
BRDA:25,1,1,1
BRF:4
BRH:3
end_of_record
TN:
SF:controllers/discussionController.js
FN:9,(anonymous_0)
FN:17,(anonymous_1)
FN:54,(anonymous_2)
FN:70,(anonymous_3)
FN:125,(anonymous_4)
FN:147,(anonymous_5)
FN:159,(anonymous_6)
FN:172,(anonymous_7)
FN:183,(anonymous_8)
FN:199,(anonymous_9)
FN:229,(anonymous_10)
FN:240,(anonymous_11)
FN:255,(anonymous_12)
FNF:13
FNH:13
FNDA:2,(anonymous_0)
FNDA:2,(anonymous_1)
FNDA:2,(anonymous_2)
FNDA:2,(anonymous_3)
FNDA:2,(anonymous_4)
FNDA:3,(anonymous_5)
FNDA:1,(anonymous_6)
FNDA:2,(anonymous_7)
FNDA:2,(anonymous_8)
FNDA:2,(anonymous_9)
FNDA:2,(anonymous_10)
FNDA:2,(anonymous_11)
FNDA:2,(anonymous_12)
DA:1,5
DA:2,5
DA:3,5
DA:4,5
DA:10,2
DA:14,1
DA:18,2
DA:19,2
DA:20,2
DA:22,2
DA:23,2
DA:24,1
DA:27,1
DA:28,1
DA:29,1
DA:30,1
DA:33,0
DA:37,1
DA:44,1
DA:46,1
DA:48,1
DA:49,1
DA:55,2
DA:57,2
DA:62,2
DA:63,1
DA:66,1
DA:71,2
DA:72,2
DA:73,2
DA:74,2
DA:75,2
DA:77,2
DA:79,2
DA:80,0
DA:83,2
DA:84,1
DA:87,1
DA:89,1
DA:90,0
DA:92,0
DA:94,0
DA:95,0
DA:96,0
DA:99,0
DA:100,0
DA:101,0
DA:105,1
DA:111,1
DA:114,1
DA:115,0
DA:118,1
DA:126,2
DA:127,2
DA:129,2
DA:131,2
DA:132,0
DA:135,2
DA:136,1
DA:139,1
DA:141,1
DA:148,3
DA:149,3
DA:150,3
DA:152,3
DA:154,3
DA:155,0
DA:159,3
DA:160,1
DA:163,2
DA:164,2
DA:166,2
DA:173,2
DA:174,2
DA:176,2
DA:178,2
DA:179,0
DA:182,2
DA:183,2
DA:186,2
DA:187,1
DA:190,1
DA:191,1
DA:193,1
DA:200,2
DA:201,2
DA:202,2
DA:203,2
DA:205,2
DA:206,1
DA:209,1
DA:211,1
DA:212,0
DA:215,1
DA:221,1
DA:223,1
DA:230,2
DA:231,2
DA:233,2
DA:235,2
DA:236,0
DA:239,2
DA:240,2
DA:243,2
DA:244,1
DA:247,1
DA:248,1
DA:250,1
DA:256,2
DA:261,1
DA:265,5
LF:111
LH:95
BRDA:23,0,0,1
BRDA:23,0,1,1
BRDA:23,1,0,2
BRDA:23,1,1,1
BRDA:27,2,0,1
BRDA:27,2,1,0
BRDA:41,3,0,1
BRDA:41,3,1,0
BRDA:44,4,0,1
BRDA:44,4,1,0
BRDA:48,5,0,0
BRDA:48,5,1,1
BRDA:62,6,0,1
BRDA:62,6,1,1
BRDA:79,7,0,0
BRDA:79,7,1,2
BRDA:83,8,0,1
BRDA:83,8,1,1
BRDA:89,9,0,0
BRDA:89,9,1,1
BRDA:95,10,0,0
BRDA:95,10,1,0
BRDA:95,11,0,0
BRDA:95,11,1,0
BRDA:100,12,0,0
BRDA:100,12,1,0
BRDA:108,13,0,1
BRDA:108,13,1,0
BRDA:114,14,0,0
BRDA:114,14,1,1
BRDA:131,15,0,0
BRDA:131,15,1,2
BRDA:135,16,0,1
BRDA:135,16,1,1
BRDA:154,17,0,0
BRDA:154,17,1,3
BRDA:159,18,0,1
BRDA:159,18,1,2
BRDA:178,19,0,0
BRDA:178,19,1,2
BRDA:183,20,0,2
BRDA:183,20,1,1
BRDA:186,21,0,1
BRDA:186,21,1,1
BRDA:205,22,0,1
BRDA:205,22,1,1
BRDA:211,23,0,0
BRDA:211,23,1,1
BRDA:235,24,0,0
BRDA:235,24,1,2
BRDA:240,25,0,2
BRDA:240,25,1,2
BRDA:243,26,0,1
BRDA:243,26,1,1
BRF:54
BRH:35
end_of_record
TN:
SF:controllers/userController.js
FN:10,(anonymous_0)
FN:21,(anonymous_1)
FN:46,(anonymous_2)
FN:56,(anonymous_3)
FN:136,(anonymous_4)
FN:156,(anonymous_5)
FNF:6
FNH:4
FNDA:0,(anonymous_0)
FNDA:2,(anonymous_1)
FNDA:0,(anonymous_2)
FNDA:2,(anonymous_3)
FNDA:2,(anonymous_4)
FNDA:2,(anonymous_5)
DA:1,5
DA:2,5
DA:3,5
DA:4,5
DA:5,5
DA:6,5
DA:11,0
DA:12,0
DA:13,0
DA:14,0
DA:22,2
DA:23,2
DA:25,2
DA:26,0
DA:27,0
DA:30,0
DA:31,0
DA:32,0
DA:35,0
DA:36,0
DA:41,2
DA:47,0
DA:48,0
DA:49,0
DA:57,2
DA:58,2
DA:59,2
DA:60,2
DA:62,2
DA:64,2
DA:65,2
DA:66,0
DA:70,2
DA:71,1
DA:73,1
DA:75,1
DA:76,1
DA:77,0
DA:79,1
DA:82,1
DA:83,1
DA:84,1
DA:87,0
DA:88,0
DA:93,2
DA:94,1
DA:98,2
DA:105,2
DA:106,1
DA:109,2
DA:116,0
DA:117,0
DA:119,0
DA:120,0
DA:124,0
DA:125,0
DA:126,0
DA:127,0
DA:128,0
DA:132,0
DA:137,2
DA:138,2
DA:140,2
DA:141,1
DA:144,1
DA:145,1
DA:147,1
DA:152,1
DA:157,2
DA:159,2
DA:162,2
DA:165,1
DA:175,1
DA:180,1
DA:181,1
DA:187,5
LF:76
LH:48
BRDA:26,0,0,0
BRDA:26,0,1,0
BRDA:31,1,0,0
BRDA:31,1,1,0
BRDA:65,2,0,0
BRDA:65,2,1,2
BRDA:70,3,0,1
BRDA:70,3,1,1
BRDA:76,4,0,0
BRDA:76,4,1,1
BRDA:76,5,0,1
BRDA:76,5,1,1
BRDA:82,6,0,1
BRDA:82,6,1,0
BRDA:93,7,0,1
BRDA:93,7,1,1
BRDA:105,8,0,1
BRDA:105,8,1,1
BRDA:116,9,0,0
BRDA:116,9,1,0
BRDA:119,10,0,0
BRDA:119,10,1,0
BRDA:124,11,0,0
BRDA:124,11,1,0
BRDA:125,12,0,0
BRDA:125,12,1,0
BRDA:127,13,0,0
BRDA:127,13,1,0
BRDA:132,14,0,0
BRDA:132,14,1,0
BRDA:140,15,0,1
BRDA:140,15,1,1
BRDA:140,16,0,2
BRDA:140,16,1,2
BRDA:181,17,0,1
BRDA:181,17,1,0
BRDA:181,18,0,1
BRDA:181,18,1,0
BRF:38
BRH:17
end_of_record
TN:
SF:middlewares/authMiddleware.js
FN:5,(anonymous_0)
FNF:1
FNH:1
FNDA:46,(anonymous_0)
DA:2,5
DA:3,5
DA:5,5
DA:6,46
DA:7,46
DA:9,46
DA:10,0
DA:13,46
DA:14,46
DA:16,46
DA:17,0
DA:21,46
DA:22,0
DA:26,46
DA:31,46
DA:33,0
DA:37,5
LF:17
LH:13
BRDA:9,0,0,0
BRDA:9,0,1,46
BRDA:9,1,0,46
BRDA:9,1,1,46
BRDA:16,2,0,0
BRDA:16,2,1,46
BRDA:21,3,0,0
BRDA:21,3,1,46
BRDA:33,4,0,0
BRDA:33,4,1,0
BRF:10
BRH:5
end_of_record
TN:
SF:models/Discussion.js
FN:76,(anonymous_0)
FN:80,(anonymous_1)
FNF:2
FNH:2
FNDA:3,(anonymous_0)
FNDA:3,(anonymous_1)
DA:1,5
DA:3,5
DA:17,5
DA:43,5
DA:76,5
DA:77,3
DA:80,5
DA:81,3
DA:84,5
LF:9
LH:9
BRDA:77,0,0,1
BRDA:77,0,1,2
BRDA:81,1,0,1
BRDA:81,1,1,2
BRF:4
BRH:4
end_of_record
TN:
SF:models/ModuleInstance.js
FNF:0
FNH:0
DA:2,5
DA:4,5
DA:24,5
DA:58,5
DA:124,5
DA:150,5
DA:212,5
DA:213,5
DA:214,5
DA:216,5
LF:10
LH:10
BRF:0
BRH:0
end_of_record
TN:
SF:models/User.js
FN:43,(anonymous_0)
FNF:1
FNH:1
FNDA:65,(anonymous_0)
DA:1,5
DA:3,5
DA:43,5
DA:44,65
DA:46,65
DA:47,1
DA:50,1
DA:51,0
DA:56,65
DA:59,65
DA:61,65
DA:64,5
LF:12
LH:11
BRDA:44,0,0,65
BRDA:44,0,1,0
BRDA:46,1,0,1
BRDA:46,1,1,64
BRF:4
BRH:3
end_of_record
TN:
SF:routes/discussionRoutes.js
FN:12,(anonymous_0)
FN:15,(anonymous_1)
FN:20,(anonymous_2)
FNF:3
FNH:3
FNDA:1,(anonymous_0)
FNDA:1,(anonymous_1)
FNDA:2,(anonymous_2)
DA:2,5
DA:3,5
DA:4,5
DA:5,5
DA:6,5
DA:7,5
DA:10,5
DA:13,1
DA:16,1
DA:17,1
DA:22,2
DA:23,1
DA:25,1
DA:34,5
DA:37,5
DA:40,5
DA:42,5
DA:45,5
DA:48,5
DA:51,5
DA:54,5
DA:55,5
DA:58,5
DA:59,5
DA:61,5
LF:25
LH:25
BRDA:22,0,0,1
BRDA:22,0,1,1
BRF:2
BRH:2
end_of_record
TN:
SF:routes/userRoutes.js
FN:11,(anonymous_0)
FN:14,(anonymous_1)
FN:18,(anonymous_2)
FNF:3
FNH:3
FNDA:1,(anonymous_0)
FNDA:1,(anonymous_1)
FNDA:2,(anonymous_2)
DA:1,5
DA:2,5
DA:3,5
DA:4,5
DA:5,5
DA:6,5
DA:9,5
DA:12,1
DA:15,1
DA:19,2
DA:20,1
DA:22,1
DA:29,5
DA:31,5
DA:32,5
DA:33,5
DA:38,5
DA:39,5
DA:41,5
LF:19
LH:19
BRDA:19,0,0,1
BRDA:19,0,1,1
BRF:2
BRH:2
end_of_record
TN:
SF:services/userService.js
FN:5,(anonymous_0)
FN:22,(anonymous_1)
FN:45,(anonymous_2)
FN:60,(anonymous_3)
FNF:4
FNH:3
FNDA:1,(anonymous_0)
FNDA:0,(anonymous_1)
FNDA:2,(anonymous_2)
FNDA:2,(anonymous_3)
DA:1,5
DA:2,5
DA:6,1
DA:7,1
DA:8,1
DA:10,0
DA:11,0
DA:12,0
DA:13,0
DA:14,0
DA:17,0
DA:23,0
DA:24,0
DA:28,0
DA:29,0
DA:31,0
DA:34,0
DA:35,0
DA:36,0
DA:37,0
DA:38,0
DA:41,0
DA:46,2
DA:47,2
DA:48,1
DA:49,1
DA:51,0
DA:53,2
DA:54,1
DA:56,1
DA:61,2
DA:62,2
DA:64,2
DA:65,0
DA:69,2
DA:70,2
DA:74,1
DA:75,0
DA:78,1
DA:80,0
DA:83,1
DA:86,1
DA:87,0
DA:91,1
DA:92,0
DA:96,1
DA:102,5
LF:47
LH:24
BRDA:10,0,0,0
BRDA:10,0,1,0
BRDA:11,1,0,0
BRDA:11,1,1,0
BRDA:13,2,0,0
BRDA:13,2,1,0
BRDA:28,3,0,0
BRDA:28,3,1,0
BRDA:34,4,0,0
BRDA:34,4,1,0
BRDA:35,5,0,0
BRDA:35,5,1,0
BRDA:37,6,0,0
BRDA:37,6,1,0
BRDA:48,7,0,1
BRDA:48,7,1,0
BRDA:53,8,0,1
BRDA:53,8,1,1
BRDA:64,9,0,0
BRDA:64,9,1,2
BRDA:69,10,0,2
BRDA:69,10,1,0
BRDA:69,11,0,2
BRDA:69,11,1,2
BRDA:74,12,0,0
BRDA:74,12,1,1
BRDA:86,13,0,0
BRDA:86,13,1,1
BRDA:91,14,0,0
BRDA:91,14,1,1
BRDA:96,15,0,1
BRDA:96,15,1,0
BRF:32
BRH:11
end_of_record
TN:
SF:services/ai/prompts/modulePrompts.js
FNF:0
FNH:0
DA:1,5
DA:25,5
DA:39,5
DA:56,5
DA:79,5
DA:135,5
DA:193,5
DA:256,5
DA:272,5
LF:9
LH:9
BRF:0
BRH:0
end_of_record
TN:
SF:utils/authHelper.js
FN:6,(anonymous_0)
FN:12,(anonymous_1)
FN:17,(anonymous_2)
FN:23,(anonymous_3)
FNF:4
FNH:4
FNDA:63,(anonymous_0)
FNDA:1,(anonymous_1)
FNDA:64,(anonymous_2)
FNDA:46,(anonymous_3)
DA:1,5
DA:2,5
DA:3,5
DA:7,63
DA:8,63
DA:9,63
DA:13,1
DA:14,1
DA:18,64
DA:19,64
DA:20,64
DA:24,46
DA:25,46
DA:26,46
DA:27,46
DA:29,0
DA:34,5
LF:17
LH:16
BRF:0
BRH:0
end_of_record
TN:
SF:utils/fileUtils.js
FN:5,(anonymous_0)
FN:14,(anonymous_1)
FN:15,(anonymous_2)
FNF:3
FNH:2
FNDA:3,(anonymous_0)
FNDA:3,(anonymous_1)
FNDA:0,(anonymous_2)
DA:1,5
DA:2,5
DA:3,5
DA:5,5
DA:6,3
DA:7,0
DA:8,0
DA:11,3
DA:13,3
DA:14,3
DA:15,0
DA:17,3
DA:18,0
DA:19,0
DA:22,3
DA:23,3
DA:25,0
DA:30,5
LF:18
LH:12
BRDA:6,0,0,0
BRDA:6,0,1,3
BRDA:17,1,0,0
BRDA:17,1,1,3
BRF:4
BRH:2
end_of_record
